2023-12-14 10:52:56,708:WARNING:
'cuml' is a soft dependency and not included in the pycaret installation. Please run: `pip install cuml` to install.
2023-12-14 10:52:56,708:WARNING:
'cuml' is a soft dependency and not included in the pycaret installation. Please run: `pip install cuml` to install.
2023-12-14 10:52:56,708:WARNING:
'cuml' is a soft dependency and not included in the pycaret installation. Please run: `pip install cuml` to install.
2023-12-14 10:52:56,708:WARNING:
'cuml' is a soft dependency and not included in the pycaret installation. Please run: `pip install cuml` to install.
2023-12-14 11:02:56,186:INFO:PyCaret RegressionExperiment
2023-12-14 11:02:56,186:INFO:Logging name: reg-default-name
2023-12-14 11:02:56,186:INFO:ML Usecase: MLUsecase.REGRESSION
2023-12-14 11:02:56,195:INFO:version 3.1.0
2023-12-14 11:02:56,195:INFO:Initializing setup()
2023-12-14 11:02:56,195:INFO:self.USI: da7d
2023-12-14 11:02:56,195:INFO:self._variable_keys: {'data', 'html_param', 'seed', '_available_plots', 'idx', 'X', 'logging_param', 'y_train', 'target_param', 'gpu_n_jobs_param', 'exp_id', 'pipeline', 'USI', 'gpu_param', 'fold_groups_param', 'transform_target_param', 'X_train', 'n_jobs_param', 'fold_generator', 'exp_name_log', 'log_plots_param', 'X_test', 'y', '_ml_usecase', 'memory', 'fold_shuffle_param', 'y_test'}
2023-12-14 11:02:56,195:INFO:Checking environment
2023-12-14 11:02:56,195:INFO:python_version: 3.9.13
2023-12-14 11:02:56,195:INFO:python_build: ('main', 'Aug 25 2022 23:51:50')
2023-12-14 11:02:56,195:INFO:machine: AMD64
2023-12-14 11:02:56,195:INFO:platform: Windows-10-10.0.22621-SP0
2023-12-14 11:02:56,195:INFO:Memory: svmem(total=8356814848, available=2095087616, percent=74.9, used=6261727232, free=2095087616)
2023-12-14 11:02:56,195:INFO:Physical Core: 4
2023-12-14 11:02:56,195:INFO:Logical Core: 8
2023-12-14 11:02:56,195:INFO:Checking libraries
2023-12-14 11:02:56,195:INFO:System:
2023-12-14 11:02:56,195:INFO:    python: 3.9.13 (main, Aug 25 2022, 23:51:50) [MSC v.1916 64 bit (AMD64)]
2023-12-14 11:02:56,195:INFO:executable: C:\ProgramData\Anaconda3\python.exe
2023-12-14 11:02:56,195:INFO:   machine: Windows-10-10.0.22621-SP0
2023-12-14 11:02:56,195:INFO:PyCaret required dependencies:
2023-12-14 11:02:56,284:INFO:                 pip: 22.2.2
2023-12-14 11:02:56,284:INFO:          setuptools: 69.0.2
2023-12-14 11:02:56,284:INFO:             pycaret: 3.1.0
2023-12-14 11:02:56,284:INFO:             IPython: 7.31.1
2023-12-14 11:02:56,284:INFO:          ipywidgets: 7.6.5
2023-12-14 11:02:56,284:INFO:                tqdm: 4.64.1
2023-12-14 11:02:56,284:INFO:               numpy: 1.21.5
2023-12-14 11:02:56,284:INFO:              pandas: 1.4.4
2023-12-14 11:02:56,284:INFO:              jinja2: 2.11.3
2023-12-14 11:02:56,284:INFO:               scipy: 1.10.1
2023-12-14 11:02:56,284:INFO:              joblib: 1.1.0
2023-12-14 11:02:56,284:INFO:             sklearn: 1.2.2
2023-12-14 11:02:56,284:INFO:                pyod: 1.1.1
2023-12-14 11:02:56,284:INFO:            imblearn: 0.11.0
2023-12-14 11:02:56,284:INFO:   category_encoders: 2.6.3
2023-12-14 11:02:56,284:INFO:            lightgbm: 4.0.0
2023-12-14 11:02:56,284:INFO:               numba: 0.55.1
2023-12-14 11:02:56,284:INFO:            requests: 2.28.1
2023-12-14 11:02:56,284:INFO:          matplotlib: 3.5.2
2023-12-14 11:02:56,284:INFO:          scikitplot: 0.3.7
2023-12-14 11:02:56,284:INFO:         yellowbrick: 1.5
2023-12-14 11:02:56,284:INFO:              plotly: 5.9.0
2023-12-14 11:02:56,284:INFO:    plotly-resampler: Not installed
2023-12-14 11:02:56,284:INFO:             kaleido: 0.2.1
2023-12-14 11:02:56,284:INFO:           schemdraw: 0.15
2023-12-14 11:02:56,284:INFO:         statsmodels: 0.13.2
2023-12-14 11:02:56,284:INFO:              sktime: 0.21.1
2023-12-14 11:02:56,284:INFO:               tbats: 1.1.3
2023-12-14 11:02:56,284:INFO:            pmdarima: 2.0.4
2023-12-14 11:02:56,284:INFO:              psutil: 5.9.0
2023-12-14 11:02:56,284:INFO:          markupsafe: 2.0.1
2023-12-14 11:02:56,284:INFO:             pickle5: Not installed
2023-12-14 11:02:56,284:INFO:         cloudpickle: 2.0.0
2023-12-14 11:02:56,284:INFO:         deprecation: 2.1.0
2023-12-14 11:02:56,284:INFO:              xxhash: 3.4.1
2023-12-14 11:02:56,284:INFO:           wurlitzer: Not installed
2023-12-14 11:02:56,284:INFO:PyCaret optional dependencies:
2023-12-14 11:02:56,300:INFO:                shap: Not installed
2023-12-14 11:02:56,300:INFO:           interpret: Not installed
2023-12-14 11:02:56,300:INFO:                umap: Not installed
2023-12-14 11:02:56,300:INFO:     ydata_profiling: 4.5.1
2023-12-14 11:02:56,300:INFO:  explainerdashboard: Not installed
2023-12-14 11:02:56,300:INFO:             autoviz: Not installed
2023-12-14 11:02:56,300:INFO:           fairlearn: Not installed
2023-12-14 11:02:56,300:INFO:          deepchecks: Not installed
2023-12-14 11:02:56,300:INFO:             xgboost: 1.7.6
2023-12-14 11:02:56,300:INFO:            catboost: 1.2
2023-12-14 11:02:56,300:INFO:              kmodes: Not installed
2023-12-14 11:02:56,300:INFO:             mlxtend: Not installed
2023-12-14 11:02:56,300:INFO:       statsforecast: Not installed
2023-12-14 11:02:56,300:INFO:        tune_sklearn: Not installed
2023-12-14 11:02:56,300:INFO:                 ray: Not installed
2023-12-14 11:02:56,300:INFO:            hyperopt: Not installed
2023-12-14 11:02:56,300:INFO:              optuna: Not installed
2023-12-14 11:02:56,300:INFO:               skopt: Not installed
2023-12-14 11:02:56,300:INFO:              mlflow: Not installed
2023-12-14 11:02:56,300:INFO:              gradio: Not installed
2023-12-14 11:02:56,300:INFO:             fastapi: Not installed
2023-12-14 11:02:56,300:INFO:             uvicorn: Not installed
2023-12-14 11:02:56,300:INFO:              m2cgen: Not installed
2023-12-14 11:02:56,300:INFO:           evidently: Not installed
2023-12-14 11:02:56,300:INFO:               fugue: Not installed
2023-12-14 11:02:56,300:INFO:           streamlit: Not installed
2023-12-14 11:02:56,300:INFO:             prophet: 1.1.5
2023-12-14 11:02:56,300:INFO:None
2023-12-14 11:02:56,300:INFO:Set up data.
2023-12-14 11:02:56,308:INFO:Set up folding strategy.
2023-12-14 11:02:56,308:INFO:Set up train/test split.
2023-12-14 11:02:56,308:INFO:Set up index.
2023-12-14 11:02:56,308:INFO:Assigning column types.
2023-12-14 11:02:56,316:INFO:Engine successfully changes for model 'lr' to 'sklearn'.
2023-12-14 11:02:56,318:INFO:Engine for model 'lasso' has not been set explicitly, hence returning None.
2023-12-14 11:02:56,318:INFO:Engine for model 'ridge' has not been set explicitly, hence returning None.
2023-12-14 11:02:56,324:INFO:Engine for model 'en' has not been set explicitly, hence returning None.
2023-12-14 11:02:56,381:INFO:Engine for model 'svm' has not been set explicitly, hence returning None.
2023-12-14 11:02:56,430:INFO:Engine for model 'knn' has not been set explicitly, hence returning None.
2023-12-14 11:02:56,430:INFO:Soft dependency imported: xgboost: 1.7.6
2023-12-14 11:02:56,559:INFO:Soft dependency imported: catboost: 1.2
2023-12-14 11:02:56,583:INFO:Engine for model 'lasso' has not been set explicitly, hence returning None.
2023-12-14 11:02:56,591:INFO:Engine for model 'ridge' has not been set explicitly, hence returning None.
2023-12-14 11:02:56,600:INFO:Engine for model 'en' has not been set explicitly, hence returning None.
2023-12-14 11:02:56,673:INFO:Engine for model 'svm' has not been set explicitly, hence returning None.
2023-12-14 11:02:56,728:INFO:Engine for model 'knn' has not been set explicitly, hence returning None.
2023-12-14 11:02:56,728:INFO:Soft dependency imported: xgboost: 1.7.6
2023-12-14 11:02:56,728:INFO:Soft dependency imported: catboost: 1.2
2023-12-14 11:02:56,728:INFO:Engine successfully changes for model 'lasso' to 'sklearn'.
2023-12-14 11:02:56,736:INFO:Engine for model 'ridge' has not been set explicitly, hence returning None.
2023-12-14 11:02:56,744:INFO:Engine for model 'en' has not been set explicitly, hence returning None.
2023-12-14 11:02:56,818:INFO:Engine for model 'svm' has not been set explicitly, hence returning None.
2023-12-14 11:02:56,881:INFO:Engine for model 'knn' has not been set explicitly, hence returning None.
2023-12-14 11:02:56,881:INFO:Soft dependency imported: xgboost: 1.7.6
2023-12-14 11:02:56,881:INFO:Soft dependency imported: catboost: 1.2
2023-12-14 11:02:56,888:INFO:Engine for model 'ridge' has not been set explicitly, hence returning None.
2023-12-14 11:02:56,896:INFO:Engine for model 'en' has not been set explicitly, hence returning None.
2023-12-14 11:02:56,985:INFO:Engine for model 'svm' has not been set explicitly, hence returning None.
2023-12-14 11:02:57,033:INFO:Engine for model 'knn' has not been set explicitly, hence returning None.
2023-12-14 11:02:57,033:INFO:Soft dependency imported: xgboost: 1.7.6
2023-12-14 11:02:57,033:INFO:Soft dependency imported: catboost: 1.2
2023-12-14 11:02:57,033:INFO:Engine successfully changes for model 'ridge' to 'sklearn'.
2023-12-14 11:02:57,049:INFO:Engine for model 'en' has not been set explicitly, hence returning None.
2023-12-14 11:02:57,112:INFO:Engine for model 'svm' has not been set explicitly, hence returning None.
2023-12-14 11:02:57,181:INFO:Engine for model 'knn' has not been set explicitly, hence returning None.
2023-12-14 11:02:57,181:INFO:Soft dependency imported: xgboost: 1.7.6
2023-12-14 11:02:57,181:INFO:Soft dependency imported: catboost: 1.2
2023-12-14 11:02:57,190:INFO:Engine for model 'en' has not been set explicitly, hence returning None.
2023-12-14 11:02:57,295:INFO:Engine for model 'svm' has not been set explicitly, hence returning None.
2023-12-14 11:02:57,344:INFO:Engine for model 'knn' has not been set explicitly, hence returning None.
2023-12-14 11:02:57,344:INFO:Soft dependency imported: xgboost: 1.7.6
2023-12-14 11:02:57,344:INFO:Soft dependency imported: catboost: 1.2
2023-12-14 11:02:57,359:INFO:Engine successfully changes for model 'en' to 'sklearn'.
2023-12-14 11:02:57,439:INFO:Engine for model 'svm' has not been set explicitly, hence returning None.
2023-12-14 11:02:57,503:INFO:Engine for model 'knn' has not been set explicitly, hence returning None.
2023-12-14 11:02:57,503:INFO:Soft dependency imported: xgboost: 1.7.6
2023-12-14 11:02:57,503:INFO:Soft dependency imported: catboost: 1.2
2023-12-14 11:02:57,581:INFO:Engine for model 'svm' has not been set explicitly, hence returning None.
2023-12-14 11:02:57,644:INFO:Engine for model 'knn' has not been set explicitly, hence returning None.
2023-12-14 11:02:57,644:INFO:Soft dependency imported: xgboost: 1.7.6
2023-12-14 11:02:57,644:INFO:Soft dependency imported: catboost: 1.2
2023-12-14 11:02:57,644:INFO:Engine successfully changes for model 'knn' to 'sklearn'.
2023-12-14 11:02:57,723:INFO:Engine for model 'svm' has not been set explicitly, hence returning None.
2023-12-14 11:02:57,786:INFO:Soft dependency imported: xgboost: 1.7.6
2023-12-14 11:02:57,786:INFO:Soft dependency imported: catboost: 1.2
2023-12-14 11:02:57,875:INFO:Engine for model 'svm' has not been set explicitly, hence returning None.
2023-12-14 11:02:57,922:INFO:Soft dependency imported: xgboost: 1.7.6
2023-12-14 11:02:57,922:INFO:Soft dependency imported: catboost: 1.2
2023-12-14 11:02:57,922:INFO:Engine successfully changes for model 'svm' to 'sklearn'.
2023-12-14 11:02:58,080:INFO:Soft dependency imported: xgboost: 1.7.6
2023-12-14 11:02:58,083:INFO:Soft dependency imported: catboost: 1.2
2023-12-14 11:02:58,214:INFO:Soft dependency imported: xgboost: 1.7.6
2023-12-14 11:02:58,214:INFO:Soft dependency imported: catboost: 1.2
2023-12-14 11:02:58,230:INFO:Preparing preprocessing pipeline...
2023-12-14 11:02:58,230:INFO:Set up simple imputation.
2023-12-14 11:02:58,230:INFO:Set up encoding of categorical features.
2023-12-14 11:02:58,230:INFO:Set up column name cleaning.
2023-12-14 11:02:58,284:INFO:Finished creating preprocessing pipeline.
2023-12-14 11:02:58,293:INFO:Pipeline: Pipeline(memory=FastMemory(location=C:\Users\Selman\AppData\Local\Temp\joblib),
         steps=[('numerical_imputer',
                 TransformerWrapper(include=['Open', 'High', 'Low', 'Adj Close',
                                             'Volume'],
                                    transformer=SimpleImputer())),
                ('categorical_imputer',
                 TransformerWrapper(include=['Date'],
                                    transformer=SimpleImputer(strategy='most_frequent'))),
                ('rest_encoding',
                 TransformerWrapper(include=['Date'],
                                    transformer=TargetEncoder(cols=['Date'],
                                                              handle_missing='return_nan'))),
                ('clean_column_names',
                 TransformerWrapper(transformer=CleanColumnNames()))])
2023-12-14 11:02:58,293:INFO:Creating final display dataframe.
2023-12-14 11:02:58,428:INFO:Setup _display_container:                     Description             Value
0                    Session id              4863
1                        Target             Close
2                   Target type        Regression
3           Original data shape          (262, 7)
4        Transformed data shape          (262, 7)
5   Transformed train set shape          (183, 7)
6    Transformed test set shape           (79, 7)
7              Numeric features                 5
8          Categorical features                 1
9                    Preprocess              True
10              Imputation type            simple
11           Numeric imputation              mean
12       Categorical imputation              mode
13     Maximum one-hot encoding                25
14              Encoding method              None
15               Fold Generator             KFold
16                  Fold Number                10
17                     CPU Jobs                -1
18                      Use GPU             False
19               Log Experiment             False
20              Experiment Name  reg-default-name
21                          USI              da7d
2023-12-14 11:02:58,597:INFO:Soft dependency imported: xgboost: 1.7.6
2023-12-14 11:02:58,597:INFO:Soft dependency imported: catboost: 1.2
2023-12-14 11:02:58,738:INFO:Soft dependency imported: xgboost: 1.7.6
2023-12-14 11:02:58,738:INFO:Soft dependency imported: catboost: 1.2
2023-12-14 11:02:58,738:INFO:setup() successfully completed in 2.55s...............
2023-12-14 11:03:16,028:INFO:Initializing compare_models()
2023-12-14 11:03:16,028:INFO:compare_models(self=<pycaret.regression.oop.RegressionExperiment object at 0x0000018E3472F460>, include=None, fold=None, round=4, cross_validation=True, sort=R2, n_select=1, budget_time=None, turbo=True, errors=ignore, fit_kwargs=None, groups=None, experiment_custom_tags=None, probability_threshold=None, verbose=True, parallel=None, caller_params={'self': <pycaret.regression.oop.RegressionExperiment object at 0x0000018E3472F460>, 'include': None, 'exclude': None, 'fold': None, 'round': 4, 'cross_validation': True, 'sort': 'R2', 'n_select': 1, 'budget_time': None, 'turbo': True, 'errors': 'ignore', 'fit_kwargs': None, 'groups': None, 'experiment_custom_tags': None, 'engine': None, 'verbose': True, 'parallel': None, '__class__': <class 'pycaret.regression.oop.RegressionExperiment'>}, exclude=None)
2023-12-14 11:03:16,034:INFO:Checking exceptions
2023-12-14 11:03:16,035:INFO:Preparing display monitor
2023-12-14 11:03:16,107:INFO:Initializing Linear Regression
2023-12-14 11:03:16,107:INFO:Total runtime is 0.0 minutes
2023-12-14 11:03:16,115:INFO:SubProcess create_model() called ==================================
2023-12-14 11:03:16,115:INFO:Initializing create_model()
2023-12-14 11:03:16,115:INFO:create_model(self=<pycaret.regression.oop.RegressionExperiment object at 0x0000018E3472F460>, estimator=lr, fold=KFold(n_splits=10, random_state=None, shuffle=False), round=4, cross_validation=True, predict=True, fit_kwargs={}, groups=None, refit=False, probability_threshold=None, experiment_custom_tags=None, verbose=False, system=False, add_to_model_list=True, metrics=None, display=<pycaret.internal.display.display.CommonDisplay object at 0x0000018E34290DF0>, model_only=True, return_train_score=False, kwargs={})
2023-12-14 11:03:16,115:INFO:Checking exceptions
2023-12-14 11:03:16,115:INFO:Importing libraries
2023-12-14 11:03:16,115:INFO:Copying training dataset
2023-12-14 11:03:16,123:INFO:Defining folds
2023-12-14 11:03:16,131:INFO:Declaring metric variables
2023-12-14 11:03:16,139:INFO:Importing untrained model
2023-12-14 11:03:16,147:INFO:Linear Regression Imported successfully
2023-12-14 11:03:16,163:INFO:Starting cross validation
2023-12-14 11:03:16,179:INFO:Cross validating with KFold(n_splits=10, random_state=None, shuffle=False), n_jobs=-1
2023-12-14 11:03:26,009:INFO:Calculating mean and std
2023-12-14 11:03:26,009:INFO:Creating metrics dataframe
2023-12-14 11:03:26,009:INFO:Uploading results into container
2023-12-14 11:03:26,009:INFO:Uploading model into container now
2023-12-14 11:03:26,009:INFO:_master_model_container: 1
2023-12-14 11:03:26,009:INFO:_display_container: 2
2023-12-14 11:03:26,009:INFO:LinearRegression(n_jobs=-1)
2023-12-14 11:03:26,009:INFO:create_model() successfully completed......................................
2023-12-14 11:03:26,100:INFO:SubProcess create_model() end ==================================
2023-12-14 11:03:26,100:INFO:Creating metrics dataframe
2023-12-14 11:03:26,108:INFO:Initializing Lasso Regression
2023-12-14 11:03:26,108:INFO:Total runtime is 0.16668166319529215 minutes
2023-12-14 11:03:26,116:INFO:SubProcess create_model() called ==================================
2023-12-14 11:03:26,116:INFO:Initializing create_model()
2023-12-14 11:03:26,116:INFO:create_model(self=<pycaret.regression.oop.RegressionExperiment object at 0x0000018E3472F460>, estimator=lasso, fold=KFold(n_splits=10, random_state=None, shuffle=False), round=4, cross_validation=True, predict=True, fit_kwargs={}, groups=None, refit=False, probability_threshold=None, experiment_custom_tags=None, verbose=False, system=False, add_to_model_list=True, metrics=None, display=<pycaret.internal.display.display.CommonDisplay object at 0x0000018E34290DF0>, model_only=True, return_train_score=False, kwargs={})
2023-12-14 11:03:26,116:INFO:Checking exceptions
2023-12-14 11:03:26,116:INFO:Importing libraries
2023-12-14 11:03:26,116:INFO:Copying training dataset
2023-12-14 11:03:26,124:INFO:Defining folds
2023-12-14 11:03:26,124:INFO:Declaring metric variables
2023-12-14 11:03:26,132:INFO:Importing untrained model
2023-12-14 11:03:26,140:INFO:Lasso Regression Imported successfully
2023-12-14 11:03:26,156:INFO:Starting cross validation
2023-12-14 11:03:26,156:INFO:Cross validating with KFold(n_splits=10, random_state=None, shuffle=False), n_jobs=-1
2023-12-14 11:03:26,387:INFO:Calculating mean and std
2023-12-14 11:03:26,387:INFO:Creating metrics dataframe
2023-12-14 11:03:26,387:INFO:Uploading results into container
2023-12-14 11:03:26,387:INFO:Uploading model into container now
2023-12-14 11:03:26,387:INFO:_master_model_container: 2
2023-12-14 11:03:26,387:INFO:_display_container: 2
2023-12-14 11:03:26,387:INFO:Lasso(random_state=4863)
2023-12-14 11:03:26,387:INFO:create_model() successfully completed......................................
2023-12-14 11:03:26,483:INFO:SubProcess create_model() end ==================================
2023-12-14 11:03:26,483:INFO:Creating metrics dataframe
2023-12-14 11:03:26,491:INFO:Initializing Ridge Regression
2023-12-14 11:03:26,491:INFO:Total runtime is 0.17307234207789102 minutes
2023-12-14 11:03:26,500:INFO:SubProcess create_model() called ==================================
2023-12-14 11:03:26,500:INFO:Initializing create_model()
2023-12-14 11:03:26,500:INFO:create_model(self=<pycaret.regression.oop.RegressionExperiment object at 0x0000018E3472F460>, estimator=ridge, fold=KFold(n_splits=10, random_state=None, shuffle=False), round=4, cross_validation=True, predict=True, fit_kwargs={}, groups=None, refit=False, probability_threshold=None, experiment_custom_tags=None, verbose=False, system=False, add_to_model_list=True, metrics=None, display=<pycaret.internal.display.display.CommonDisplay object at 0x0000018E34290DF0>, model_only=True, return_train_score=False, kwargs={})
2023-12-14 11:03:26,500:INFO:Checking exceptions
2023-12-14 11:03:26,500:INFO:Importing libraries
2023-12-14 11:03:26,500:INFO:Copying training dataset
2023-12-14 11:03:26,508:INFO:Defining folds
2023-12-14 11:03:26,508:INFO:Declaring metric variables
2023-12-14 11:03:26,517:INFO:Importing untrained model
2023-12-14 11:03:26,525:INFO:Ridge Regression Imported successfully
2023-12-14 11:03:26,533:INFO:Starting cross validation
2023-12-14 11:03:26,541:INFO:Cross validating with KFold(n_splits=10, random_state=None, shuffle=False), n_jobs=-1
2023-12-14 11:03:26,783:INFO:Calculating mean and std
2023-12-14 11:03:26,783:INFO:Creating metrics dataframe
2023-12-14 11:03:26,783:INFO:Uploading results into container
2023-12-14 11:03:26,790:INFO:Uploading model into container now
2023-12-14 11:03:26,790:INFO:_master_model_container: 3
2023-12-14 11:03:26,790:INFO:_display_container: 2
2023-12-14 11:03:26,791:INFO:Ridge(random_state=4863)
2023-12-14 11:03:26,791:INFO:create_model() successfully completed......................................
2023-12-14 11:03:26,873:INFO:SubProcess create_model() end ==================================
2023-12-14 11:03:26,873:INFO:Creating metrics dataframe
2023-12-14 11:03:26,881:INFO:Initializing Elastic Net
2023-12-14 11:03:26,881:INFO:Total runtime is 0.17956367731094358 minutes
2023-12-14 11:03:26,889:INFO:SubProcess create_model() called ==================================
2023-12-14 11:03:26,889:INFO:Initializing create_model()
2023-12-14 11:03:26,889:INFO:create_model(self=<pycaret.regression.oop.RegressionExperiment object at 0x0000018E3472F460>, estimator=en, fold=KFold(n_splits=10, random_state=None, shuffle=False), round=4, cross_validation=True, predict=True, fit_kwargs={}, groups=None, refit=False, probability_threshold=None, experiment_custom_tags=None, verbose=False, system=False, add_to_model_list=True, metrics=None, display=<pycaret.internal.display.display.CommonDisplay object at 0x0000018E34290DF0>, model_only=True, return_train_score=False, kwargs={})
2023-12-14 11:03:26,889:INFO:Checking exceptions
2023-12-14 11:03:26,889:INFO:Importing libraries
2023-12-14 11:03:26,889:INFO:Copying training dataset
2023-12-14 11:03:26,897:INFO:Defining folds
2023-12-14 11:03:26,897:INFO:Declaring metric variables
2023-12-14 11:03:26,905:INFO:Importing untrained model
2023-12-14 11:03:26,913:INFO:Elastic Net Imported successfully
2023-12-14 11:03:26,929:INFO:Starting cross validation
2023-12-14 11:03:26,929:INFO:Cross validating with KFold(n_splits=10, random_state=None, shuffle=False), n_jobs=-1
2023-12-14 11:03:27,174:INFO:Calculating mean and std
2023-12-14 11:03:27,174:INFO:Creating metrics dataframe
2023-12-14 11:03:27,174:INFO:Uploading results into container
2023-12-14 11:03:27,174:INFO:Uploading model into container now
2023-12-14 11:03:27,182:INFO:_master_model_container: 4
2023-12-14 11:03:27,182:INFO:_display_container: 2
2023-12-14 11:03:27,182:INFO:ElasticNet(random_state=4863)
2023-12-14 11:03:27,182:INFO:create_model() successfully completed......................................
2023-12-14 11:03:27,264:INFO:SubProcess create_model() end ==================================
2023-12-14 11:03:27,264:INFO:Creating metrics dataframe
2023-12-14 11:03:27,280:INFO:Initializing Least Angle Regression
2023-12-14 11:03:27,280:INFO:Total runtime is 0.1862187067667643 minutes
2023-12-14 11:03:27,288:INFO:SubProcess create_model() called ==================================
2023-12-14 11:03:27,288:INFO:Initializing create_model()
2023-12-14 11:03:27,288:INFO:create_model(self=<pycaret.regression.oop.RegressionExperiment object at 0x0000018E3472F460>, estimator=lar, fold=KFold(n_splits=10, random_state=None, shuffle=False), round=4, cross_validation=True, predict=True, fit_kwargs={}, groups=None, refit=False, probability_threshold=None, experiment_custom_tags=None, verbose=False, system=False, add_to_model_list=True, metrics=None, display=<pycaret.internal.display.display.CommonDisplay object at 0x0000018E34290DF0>, model_only=True, return_train_score=False, kwargs={})
2023-12-14 11:03:27,288:INFO:Checking exceptions
2023-12-14 11:03:27,288:INFO:Importing libraries
2023-12-14 11:03:27,288:INFO:Copying training dataset
2023-12-14 11:03:27,296:INFO:Defining folds
2023-12-14 11:03:27,296:INFO:Declaring metric variables
2023-12-14 11:03:27,304:INFO:Importing untrained model
2023-12-14 11:03:27,304:INFO:Least Angle Regression Imported successfully
2023-12-14 11:03:27,312:INFO:Starting cross validation
2023-12-14 11:03:27,320:INFO:Cross validating with KFold(n_splits=10, random_state=None, shuffle=False), n_jobs=-1
2023-12-14 11:03:27,571:INFO:Calculating mean and std
2023-12-14 11:03:27,571:INFO:Creating metrics dataframe
2023-12-14 11:03:27,571:INFO:Uploading results into container
2023-12-14 11:03:27,571:INFO:Uploading model into container now
2023-12-14 11:03:27,571:INFO:_master_model_container: 5
2023-12-14 11:03:27,571:INFO:_display_container: 2
2023-12-14 11:03:27,571:INFO:Lars(random_state=4863)
2023-12-14 11:03:27,571:INFO:create_model() successfully completed......................................
2023-12-14 11:03:27,659:INFO:SubProcess create_model() end ==================================
2023-12-14 11:03:27,659:INFO:Creating metrics dataframe
2023-12-14 11:03:27,676:INFO:Initializing Lasso Least Angle Regression
2023-12-14 11:03:27,676:INFO:Total runtime is 0.19281280438105264 minutes
2023-12-14 11:03:27,676:INFO:SubProcess create_model() called ==================================
2023-12-14 11:03:27,676:INFO:Initializing create_model()
2023-12-14 11:03:27,676:INFO:create_model(self=<pycaret.regression.oop.RegressionExperiment object at 0x0000018E3472F460>, estimator=llar, fold=KFold(n_splits=10, random_state=None, shuffle=False), round=4, cross_validation=True, predict=True, fit_kwargs={}, groups=None, refit=False, probability_threshold=None, experiment_custom_tags=None, verbose=False, system=False, add_to_model_list=True, metrics=None, display=<pycaret.internal.display.display.CommonDisplay object at 0x0000018E34290DF0>, model_only=True, return_train_score=False, kwargs={})
2023-12-14 11:03:27,676:INFO:Checking exceptions
2023-12-14 11:03:27,676:INFO:Importing libraries
2023-12-14 11:03:27,676:INFO:Copying training dataset
2023-12-14 11:03:27,684:INFO:Defining folds
2023-12-14 11:03:27,684:INFO:Declaring metric variables
2023-12-14 11:03:27,692:INFO:Importing untrained model
2023-12-14 11:03:27,700:INFO:Lasso Least Angle Regression Imported successfully
2023-12-14 11:03:27,708:INFO:Starting cross validation
2023-12-14 11:03:27,708:INFO:Cross validating with KFold(n_splits=10, random_state=None, shuffle=False), n_jobs=-1
2023-12-14 11:03:27,950:INFO:Calculating mean and std
2023-12-14 11:03:27,950:INFO:Creating metrics dataframe
2023-12-14 11:03:27,954:INFO:Uploading results into container
2023-12-14 11:03:27,954:INFO:Uploading model into container now
2023-12-14 11:03:27,954:INFO:_master_model_container: 6
2023-12-14 11:03:27,954:INFO:_display_container: 2
2023-12-14 11:03:27,954:INFO:LassoLars(random_state=4863)
2023-12-14 11:03:27,954:INFO:create_model() successfully completed......................................
2023-12-14 11:03:28,039:INFO:SubProcess create_model() end ==================================
2023-12-14 11:03:28,039:INFO:Creating metrics dataframe
2023-12-14 11:03:28,054:INFO:Initializing Orthogonal Matching Pursuit
2023-12-14 11:03:28,054:INFO:Total runtime is 0.19912141958872476 minutes
2023-12-14 11:03:28,062:INFO:SubProcess create_model() called ==================================
2023-12-14 11:03:28,062:INFO:Initializing create_model()
2023-12-14 11:03:28,062:INFO:create_model(self=<pycaret.regression.oop.RegressionExperiment object at 0x0000018E3472F460>, estimator=omp, fold=KFold(n_splits=10, random_state=None, shuffle=False), round=4, cross_validation=True, predict=True, fit_kwargs={}, groups=None, refit=False, probability_threshold=None, experiment_custom_tags=None, verbose=False, system=False, add_to_model_list=True, metrics=None, display=<pycaret.internal.display.display.CommonDisplay object at 0x0000018E34290DF0>, model_only=True, return_train_score=False, kwargs={})
2023-12-14 11:03:28,062:INFO:Checking exceptions
2023-12-14 11:03:28,062:INFO:Importing libraries
2023-12-14 11:03:28,062:INFO:Copying training dataset
2023-12-14 11:03:28,062:INFO:Defining folds
2023-12-14 11:03:28,070:INFO:Declaring metric variables
2023-12-14 11:03:28,070:INFO:Importing untrained model
2023-12-14 11:03:28,078:INFO:Orthogonal Matching Pursuit Imported successfully
2023-12-14 11:03:28,095:INFO:Starting cross validation
2023-12-14 11:03:28,095:INFO:Cross validating with KFold(n_splits=10, random_state=None, shuffle=False), n_jobs=-1
2023-12-14 11:03:28,345:INFO:Calculating mean and std
2023-12-14 11:03:28,345:INFO:Creating metrics dataframe
2023-12-14 11:03:28,345:INFO:Uploading results into container
2023-12-14 11:03:28,345:INFO:Uploading model into container now
2023-12-14 11:03:28,345:INFO:_master_model_container: 7
2023-12-14 11:03:28,345:INFO:_display_container: 2
2023-12-14 11:03:28,353:INFO:OrthogonalMatchingPursuit()
2023-12-14 11:03:28,353:INFO:create_model() successfully completed......................................
2023-12-14 11:03:28,442:INFO:SubProcess create_model() end ==================================
2023-12-14 11:03:28,442:INFO:Creating metrics dataframe
2023-12-14 11:03:28,467:INFO:Initializing Bayesian Ridge
2023-12-14 11:03:28,467:INFO:Total runtime is 0.20599805514017738 minutes
2023-12-14 11:03:28,467:INFO:SubProcess create_model() called ==================================
2023-12-14 11:03:28,467:INFO:Initializing create_model()
2023-12-14 11:03:28,467:INFO:create_model(self=<pycaret.regression.oop.RegressionExperiment object at 0x0000018E3472F460>, estimator=br, fold=KFold(n_splits=10, random_state=None, shuffle=False), round=4, cross_validation=True, predict=True, fit_kwargs={}, groups=None, refit=False, probability_threshold=None, experiment_custom_tags=None, verbose=False, system=False, add_to_model_list=True, metrics=None, display=<pycaret.internal.display.display.CommonDisplay object at 0x0000018E34290DF0>, model_only=True, return_train_score=False, kwargs={})
2023-12-14 11:03:28,475:INFO:Checking exceptions
2023-12-14 11:03:28,475:INFO:Importing libraries
2023-12-14 11:03:28,475:INFO:Copying training dataset
2023-12-14 11:03:28,499:INFO:Defining folds
2023-12-14 11:03:28,499:INFO:Declaring metric variables
2023-12-14 11:03:28,507:INFO:Importing untrained model
2023-12-14 11:03:28,523:INFO:Bayesian Ridge Imported successfully
2023-12-14 11:03:28,531:INFO:Starting cross validation
2023-12-14 11:03:28,531:INFO:Cross validating with KFold(n_splits=10, random_state=None, shuffle=False), n_jobs=-1
2023-12-14 11:03:28,762:INFO:Calculating mean and std
2023-12-14 11:03:28,762:INFO:Creating metrics dataframe
2023-12-14 11:03:28,762:INFO:Uploading results into container
2023-12-14 11:03:28,762:INFO:Uploading model into container now
2023-12-14 11:03:28,762:INFO:_master_model_container: 8
2023-12-14 11:03:28,762:INFO:_display_container: 2
2023-12-14 11:03:28,762:INFO:BayesianRidge()
2023-12-14 11:03:28,762:INFO:create_model() successfully completed......................................
2023-12-14 11:03:28,850:INFO:SubProcess create_model() end ==================================
2023-12-14 11:03:28,850:INFO:Creating metrics dataframe
2023-12-14 11:03:28,867:INFO:Initializing Passive Aggressive Regressor
2023-12-14 11:03:28,867:INFO:Total runtime is 0.21266390085220335 minutes
2023-12-14 11:03:28,867:INFO:SubProcess create_model() called ==================================
2023-12-14 11:03:28,867:INFO:Initializing create_model()
2023-12-14 11:03:28,867:INFO:create_model(self=<pycaret.regression.oop.RegressionExperiment object at 0x0000018E3472F460>, estimator=par, fold=KFold(n_splits=10, random_state=None, shuffle=False), round=4, cross_validation=True, predict=True, fit_kwargs={}, groups=None, refit=False, probability_threshold=None, experiment_custom_tags=None, verbose=False, system=False, add_to_model_list=True, metrics=None, display=<pycaret.internal.display.display.CommonDisplay object at 0x0000018E34290DF0>, model_only=True, return_train_score=False, kwargs={})
2023-12-14 11:03:28,867:INFO:Checking exceptions
2023-12-14 11:03:28,867:INFO:Importing libraries
2023-12-14 11:03:28,867:INFO:Copying training dataset
2023-12-14 11:03:28,875:INFO:Defining folds
2023-12-14 11:03:28,875:INFO:Declaring metric variables
2023-12-14 11:03:28,883:INFO:Importing untrained model
2023-12-14 11:03:28,883:INFO:Passive Aggressive Regressor Imported successfully
2023-12-14 11:03:28,899:INFO:Starting cross validation
2023-12-14 11:03:28,907:INFO:Cross validating with KFold(n_splits=10, random_state=None, shuffle=False), n_jobs=-1
2023-12-14 11:03:29,138:INFO:Calculating mean and std
2023-12-14 11:03:29,138:INFO:Creating metrics dataframe
2023-12-14 11:03:29,138:INFO:Uploading results into container
2023-12-14 11:03:29,138:INFO:Uploading model into container now
2023-12-14 11:03:29,146:INFO:_master_model_container: 9
2023-12-14 11:03:29,146:INFO:_display_container: 2
2023-12-14 11:03:29,146:INFO:PassiveAggressiveRegressor(random_state=4863)
2023-12-14 11:03:29,146:INFO:create_model() successfully completed......................................
2023-12-14 11:03:29,230:INFO:SubProcess create_model() end ==================================
2023-12-14 11:03:29,230:INFO:Creating metrics dataframe
2023-12-14 11:03:29,242:INFO:Initializing Huber Regressor
2023-12-14 11:03:29,242:INFO:Total runtime is 0.21892259915669757 minutes
2023-12-14 11:03:29,250:INFO:SubProcess create_model() called ==================================
2023-12-14 11:03:29,258:INFO:Initializing create_model()
2023-12-14 11:03:29,258:INFO:create_model(self=<pycaret.regression.oop.RegressionExperiment object at 0x0000018E3472F460>, estimator=huber, fold=KFold(n_splits=10, random_state=None, shuffle=False), round=4, cross_validation=True, predict=True, fit_kwargs={}, groups=None, refit=False, probability_threshold=None, experiment_custom_tags=None, verbose=False, system=False, add_to_model_list=True, metrics=None, display=<pycaret.internal.display.display.CommonDisplay object at 0x0000018E34290DF0>, model_only=True, return_train_score=False, kwargs={})
2023-12-14 11:03:29,258:INFO:Checking exceptions
2023-12-14 11:03:29,258:INFO:Importing libraries
2023-12-14 11:03:29,258:INFO:Copying training dataset
2023-12-14 11:03:29,259:INFO:Defining folds
2023-12-14 11:03:29,259:INFO:Declaring metric variables
2023-12-14 11:03:29,267:INFO:Importing untrained model
2023-12-14 11:03:29,275:INFO:Huber Regressor Imported successfully
2023-12-14 11:03:29,291:INFO:Starting cross validation
2023-12-14 11:03:29,291:INFO:Cross validating with KFold(n_splits=10, random_state=None, shuffle=False), n_jobs=-1
2023-12-14 11:03:29,475:WARNING:C:\ProgramData\Anaconda3\lib\site-packages\sklearn\linear_model\_huber.py:342: ConvergenceWarning: lbfgs failed to converge (status=1):
STOP: TOTAL NO. of ITERATIONS REACHED LIMIT.

Increase the number of iterations (max_iter) or scale the data as shown in:
    https://scikit-learn.org/stable/modules/preprocessing.html
  self.n_iter_ = _check_optimize_result("lbfgs", opt_res, self.max_iter)

2023-12-14 11:03:29,479:WARNING:C:\ProgramData\Anaconda3\lib\site-packages\sklearn\linear_model\_huber.py:342: ConvergenceWarning: lbfgs failed to converge (status=1):
STOP: TOTAL NO. of ITERATIONS REACHED LIMIT.

Increase the number of iterations (max_iter) or scale the data as shown in:
    https://scikit-learn.org/stable/modules/preprocessing.html
  self.n_iter_ = _check_optimize_result("lbfgs", opt_res, self.max_iter)

2023-12-14 11:03:29,479:WARNING:C:\ProgramData\Anaconda3\lib\site-packages\sklearn\linear_model\_huber.py:342: ConvergenceWarning: lbfgs failed to converge (status=1):
STOP: TOTAL NO. of ITERATIONS REACHED LIMIT.

Increase the number of iterations (max_iter) or scale the data as shown in:
    https://scikit-learn.org/stable/modules/preprocessing.html
  self.n_iter_ = _check_optimize_result("lbfgs", opt_res, self.max_iter)

2023-12-14 11:03:29,508:WARNING:C:\ProgramData\Anaconda3\lib\site-packages\sklearn\linear_model\_huber.py:342: ConvergenceWarning: lbfgs failed to converge (status=1):
STOP: TOTAL NO. of ITERATIONS REACHED LIMIT.

Increase the number of iterations (max_iter) or scale the data as shown in:
    https://scikit-learn.org/stable/modules/preprocessing.html
  self.n_iter_ = _check_optimize_result("lbfgs", opt_res, self.max_iter)

2023-12-14 11:03:29,516:WARNING:C:\ProgramData\Anaconda3\lib\site-packages\sklearn\linear_model\_huber.py:342: ConvergenceWarning: lbfgs failed to converge (status=1):
STOP: TOTAL NO. of ITERATIONS REACHED LIMIT.

Increase the number of iterations (max_iter) or scale the data as shown in:
    https://scikit-learn.org/stable/modules/preprocessing.html
  self.n_iter_ = _check_optimize_result("lbfgs", opt_res, self.max_iter)

2023-12-14 11:03:29,524:WARNING:C:\ProgramData\Anaconda3\lib\site-packages\sklearn\linear_model\_huber.py:342: ConvergenceWarning: lbfgs failed to converge (status=1):
STOP: TOTAL NO. of ITERATIONS REACHED LIMIT.

Increase the number of iterations (max_iter) or scale the data as shown in:
    https://scikit-learn.org/stable/modules/preprocessing.html
  self.n_iter_ = _check_optimize_result("lbfgs", opt_res, self.max_iter)

2023-12-14 11:03:29,524:WARNING:C:\ProgramData\Anaconda3\lib\site-packages\sklearn\linear_model\_huber.py:342: ConvergenceWarning: lbfgs failed to converge (status=1):
STOP: TOTAL NO. of ITERATIONS REACHED LIMIT.

Increase the number of iterations (max_iter) or scale the data as shown in:
    https://scikit-learn.org/stable/modules/preprocessing.html
  self.n_iter_ = _check_optimize_result("lbfgs", opt_res, self.max_iter)

2023-12-14 11:03:29,532:WARNING:C:\ProgramData\Anaconda3\lib\site-packages\sklearn\linear_model\_huber.py:342: ConvergenceWarning: lbfgs failed to converge (status=1):
STOP: TOTAL NO. of ITERATIONS REACHED LIMIT.

Increase the number of iterations (max_iter) or scale the data as shown in:
    https://scikit-learn.org/stable/modules/preprocessing.html
  self.n_iter_ = _check_optimize_result("lbfgs", opt_res, self.max_iter)

2023-12-14 11:03:29,629:WARNING:C:\ProgramData\Anaconda3\lib\site-packages\sklearn\linear_model\_huber.py:342: ConvergenceWarning: lbfgs failed to converge (status=1):
STOP: TOTAL NO. of ITERATIONS REACHED LIMIT.

Increase the number of iterations (max_iter) or scale the data as shown in:
    https://scikit-learn.org/stable/modules/preprocessing.html
  self.n_iter_ = _check_optimize_result("lbfgs", opt_res, self.max_iter)

2023-12-14 11:03:29,629:WARNING:C:\ProgramData\Anaconda3\lib\site-packages\sklearn\linear_model\_huber.py:342: ConvergenceWarning: lbfgs failed to converge (status=1):
STOP: TOTAL NO. of ITERATIONS REACHED LIMIT.

Increase the number of iterations (max_iter) or scale the data as shown in:
    https://scikit-learn.org/stable/modules/preprocessing.html
  self.n_iter_ = _check_optimize_result("lbfgs", opt_res, self.max_iter)

2023-12-14 11:03:29,678:INFO:Calculating mean and std
2023-12-14 11:03:29,678:INFO:Creating metrics dataframe
2023-12-14 11:03:29,678:INFO:Uploading results into container
2023-12-14 11:03:29,678:INFO:Uploading model into container now
2023-12-14 11:03:29,678:INFO:_master_model_container: 10
2023-12-14 11:03:29,678:INFO:_display_container: 2
2023-12-14 11:03:29,678:INFO:HuberRegressor()
2023-12-14 11:03:29,678:INFO:create_model() successfully completed......................................
2023-12-14 11:03:29,774:INFO:SubProcess create_model() end ==================================
2023-12-14 11:03:29,774:INFO:Creating metrics dataframe
2023-12-14 11:03:29,791:INFO:Initializing K Neighbors Regressor
2023-12-14 11:03:29,791:INFO:Total runtime is 0.22806345224380492 minutes
2023-12-14 11:03:29,799:INFO:SubProcess create_model() called ==================================
2023-12-14 11:03:29,799:INFO:Initializing create_model()
2023-12-14 11:03:29,799:INFO:create_model(self=<pycaret.regression.oop.RegressionExperiment object at 0x0000018E3472F460>, estimator=knn, fold=KFold(n_splits=10, random_state=None, shuffle=False), round=4, cross_validation=True, predict=True, fit_kwargs={}, groups=None, refit=False, probability_threshold=None, experiment_custom_tags=None, verbose=False, system=False, add_to_model_list=True, metrics=None, display=<pycaret.internal.display.display.CommonDisplay object at 0x0000018E34290DF0>, model_only=True, return_train_score=False, kwargs={})
2023-12-14 11:03:29,799:INFO:Checking exceptions
2023-12-14 11:03:29,799:INFO:Importing libraries
2023-12-14 11:03:29,799:INFO:Copying training dataset
2023-12-14 11:03:29,807:INFO:Defining folds
2023-12-14 11:03:29,807:INFO:Declaring metric variables
2023-12-14 11:03:29,815:INFO:Importing untrained model
2023-12-14 11:03:29,815:INFO:K Neighbors Regressor Imported successfully
2023-12-14 11:03:29,839:INFO:Starting cross validation
2023-12-14 11:03:29,839:INFO:Cross validating with KFold(n_splits=10, random_state=None, shuffle=False), n_jobs=-1
2023-12-14 11:03:30,179:INFO:Calculating mean and std
2023-12-14 11:03:30,179:INFO:Creating metrics dataframe
2023-12-14 11:03:30,187:INFO:Uploading results into container
2023-12-14 11:03:30,187:INFO:Uploading model into container now
2023-12-14 11:03:30,187:INFO:_master_model_container: 11
2023-12-14 11:03:30,187:INFO:_display_container: 2
2023-12-14 11:03:30,187:INFO:KNeighborsRegressor(n_jobs=-1)
2023-12-14 11:03:30,187:INFO:create_model() successfully completed......................................
2023-12-14 11:03:30,275:INFO:SubProcess create_model() end ==================================
2023-12-14 11:03:30,275:INFO:Creating metrics dataframe
2023-12-14 11:03:30,292:INFO:Initializing Decision Tree Regressor
2023-12-14 11:03:30,292:INFO:Total runtime is 0.2364116390546163 minutes
2023-12-14 11:03:30,292:INFO:SubProcess create_model() called ==================================
2023-12-14 11:03:30,292:INFO:Initializing create_model()
2023-12-14 11:03:30,292:INFO:create_model(self=<pycaret.regression.oop.RegressionExperiment object at 0x0000018E3472F460>, estimator=dt, fold=KFold(n_splits=10, random_state=None, shuffle=False), round=4, cross_validation=True, predict=True, fit_kwargs={}, groups=None, refit=False, probability_threshold=None, experiment_custom_tags=None, verbose=False, system=False, add_to_model_list=True, metrics=None, display=<pycaret.internal.display.display.CommonDisplay object at 0x0000018E34290DF0>, model_only=True, return_train_score=False, kwargs={})
2023-12-14 11:03:30,292:INFO:Checking exceptions
2023-12-14 11:03:30,292:INFO:Importing libraries
2023-12-14 11:03:30,292:INFO:Copying training dataset
2023-12-14 11:03:30,300:INFO:Defining folds
2023-12-14 11:03:30,300:INFO:Declaring metric variables
2023-12-14 11:03:30,308:INFO:Importing untrained model
2023-12-14 11:03:30,316:INFO:Decision Tree Regressor Imported successfully
2023-12-14 11:03:30,324:INFO:Starting cross validation
2023-12-14 11:03:30,324:INFO:Cross validating with KFold(n_splits=10, random_state=None, shuffle=False), n_jobs=-1
2023-12-14 11:03:30,566:INFO:Calculating mean and std
2023-12-14 11:03:30,566:INFO:Creating metrics dataframe
2023-12-14 11:03:30,566:INFO:Uploading results into container
2023-12-14 11:03:30,566:INFO:Uploading model into container now
2023-12-14 11:03:30,566:INFO:_master_model_container: 12
2023-12-14 11:03:30,566:INFO:_display_container: 2
2023-12-14 11:03:30,566:INFO:DecisionTreeRegressor(random_state=4863)
2023-12-14 11:03:30,566:INFO:create_model() successfully completed......................................
2023-12-14 11:03:30,664:INFO:SubProcess create_model() end ==================================
2023-12-14 11:03:30,664:INFO:Creating metrics dataframe
2023-12-14 11:03:30,680:INFO:Initializing Random Forest Regressor
2023-12-14 11:03:30,680:INFO:Total runtime is 0.24288522799809772 minutes
2023-12-14 11:03:30,680:INFO:SubProcess create_model() called ==================================
2023-12-14 11:03:30,688:INFO:Initializing create_model()
2023-12-14 11:03:30,688:INFO:create_model(self=<pycaret.regression.oop.RegressionExperiment object at 0x0000018E3472F460>, estimator=rf, fold=KFold(n_splits=10, random_state=None, shuffle=False), round=4, cross_validation=True, predict=True, fit_kwargs={}, groups=None, refit=False, probability_threshold=None, experiment_custom_tags=None, verbose=False, system=False, add_to_model_list=True, metrics=None, display=<pycaret.internal.display.display.CommonDisplay object at 0x0000018E34290DF0>, model_only=True, return_train_score=False, kwargs={})
2023-12-14 11:03:30,688:INFO:Checking exceptions
2023-12-14 11:03:30,688:INFO:Importing libraries
2023-12-14 11:03:30,688:INFO:Copying training dataset
2023-12-14 11:03:30,688:INFO:Defining folds
2023-12-14 11:03:30,688:INFO:Declaring metric variables
2023-12-14 11:03:30,696:INFO:Importing untrained model
2023-12-14 11:03:30,704:INFO:Random Forest Regressor Imported successfully
2023-12-14 11:03:30,720:INFO:Starting cross validation
2023-12-14 11:03:30,720:INFO:Cross validating with KFold(n_splits=10, random_state=None, shuffle=False), n_jobs=-1
2023-12-14 11:03:31,622:INFO:Calculating mean and std
2023-12-14 11:03:31,622:INFO:Creating metrics dataframe
2023-12-14 11:03:31,631:INFO:Uploading results into container
2023-12-14 11:03:31,631:INFO:Uploading model into container now
2023-12-14 11:03:31,631:INFO:_master_model_container: 13
2023-12-14 11:03:31,631:INFO:_display_container: 2
2023-12-14 11:03:31,631:INFO:RandomForestRegressor(n_jobs=-1, random_state=4863)
2023-12-14 11:03:31,631:INFO:create_model() successfully completed......................................
2023-12-14 11:03:31,702:INFO:SubProcess create_model() end ==================================
2023-12-14 11:03:31,702:INFO:Creating metrics dataframe
2023-12-14 11:03:31,725:INFO:Initializing Extra Trees Regressor
2023-12-14 11:03:31,725:INFO:Total runtime is 0.26030104557673134 minutes
2023-12-14 11:03:31,733:INFO:SubProcess create_model() called ==================================
2023-12-14 11:03:31,733:INFO:Initializing create_model()
2023-12-14 11:03:31,733:INFO:create_model(self=<pycaret.regression.oop.RegressionExperiment object at 0x0000018E3472F460>, estimator=et, fold=KFold(n_splits=10, random_state=None, shuffle=False), round=4, cross_validation=True, predict=True, fit_kwargs={}, groups=None, refit=False, probability_threshold=None, experiment_custom_tags=None, verbose=False, system=False, add_to_model_list=True, metrics=None, display=<pycaret.internal.display.display.CommonDisplay object at 0x0000018E34290DF0>, model_only=True, return_train_score=False, kwargs={})
2023-12-14 11:03:31,733:INFO:Checking exceptions
2023-12-14 11:03:31,733:INFO:Importing libraries
2023-12-14 11:03:31,733:INFO:Copying training dataset
2023-12-14 11:03:31,741:INFO:Defining folds
2023-12-14 11:03:31,741:INFO:Declaring metric variables
2023-12-14 11:03:31,749:INFO:Importing untrained model
2023-12-14 11:03:31,749:INFO:Extra Trees Regressor Imported successfully
2023-12-14 11:03:31,765:INFO:Starting cross validation
2023-12-14 11:03:31,765:INFO:Cross validating with KFold(n_splits=10, random_state=None, shuffle=False), n_jobs=-1
2023-12-14 11:03:32,479:INFO:Calculating mean and std
2023-12-14 11:03:32,479:INFO:Creating metrics dataframe
2023-12-14 11:03:32,479:INFO:Uploading results into container
2023-12-14 11:03:32,479:INFO:Uploading model into container now
2023-12-14 11:03:32,479:INFO:_master_model_container: 14
2023-12-14 11:03:32,479:INFO:_display_container: 2
2023-12-14 11:03:32,479:INFO:ExtraTreesRegressor(n_jobs=-1, random_state=4863)
2023-12-14 11:03:32,479:INFO:create_model() successfully completed......................................
2023-12-14 11:03:32,574:INFO:SubProcess create_model() end ==================================
2023-12-14 11:03:32,574:INFO:Creating metrics dataframe
2023-12-14 11:03:32,591:INFO:Initializing AdaBoost Regressor
2023-12-14 11:03:32,591:INFO:Total runtime is 0.27472697496414183 minutes
2023-12-14 11:03:32,591:INFO:SubProcess create_model() called ==================================
2023-12-14 11:03:32,591:INFO:Initializing create_model()
2023-12-14 11:03:32,591:INFO:create_model(self=<pycaret.regression.oop.RegressionExperiment object at 0x0000018E3472F460>, estimator=ada, fold=KFold(n_splits=10, random_state=None, shuffle=False), round=4, cross_validation=True, predict=True, fit_kwargs={}, groups=None, refit=False, probability_threshold=None, experiment_custom_tags=None, verbose=False, system=False, add_to_model_list=True, metrics=None, display=<pycaret.internal.display.display.CommonDisplay object at 0x0000018E34290DF0>, model_only=True, return_train_score=False, kwargs={})
2023-12-14 11:03:32,591:INFO:Checking exceptions
2023-12-14 11:03:32,591:INFO:Importing libraries
2023-12-14 11:03:32,591:INFO:Copying training dataset
2023-12-14 11:03:32,598:INFO:Defining folds
2023-12-14 11:03:32,598:INFO:Declaring metric variables
2023-12-14 11:03:32,607:INFO:Importing untrained model
2023-12-14 11:03:32,615:INFO:AdaBoost Regressor Imported successfully
2023-12-14 11:03:32,631:INFO:Starting cross validation
2023-12-14 11:03:32,631:INFO:Cross validating with KFold(n_splits=10, random_state=None, shuffle=False), n_jobs=-1
2023-12-14 11:03:33,074:INFO:Calculating mean and std
2023-12-14 11:03:33,074:INFO:Creating metrics dataframe
2023-12-14 11:03:33,074:INFO:Uploading results into container
2023-12-14 11:03:33,074:INFO:Uploading model into container now
2023-12-14 11:03:33,074:INFO:_master_model_container: 15
2023-12-14 11:03:33,074:INFO:_display_container: 2
2023-12-14 11:03:33,074:INFO:AdaBoostRegressor(random_state=4863)
2023-12-14 11:03:33,082:INFO:create_model() successfully completed......................................
2023-12-14 11:03:33,163:INFO:SubProcess create_model() end ==================================
2023-12-14 11:03:33,163:INFO:Creating metrics dataframe
2023-12-14 11:03:33,179:INFO:Initializing Gradient Boosting Regressor
2023-12-14 11:03:33,179:INFO:Total runtime is 0.28453450997670493 minutes
2023-12-14 11:03:33,187:INFO:SubProcess create_model() called ==================================
2023-12-14 11:03:33,187:INFO:Initializing create_model()
2023-12-14 11:03:33,203:INFO:create_model(self=<pycaret.regression.oop.RegressionExperiment object at 0x0000018E3472F460>, estimator=gbr, fold=KFold(n_splits=10, random_state=None, shuffle=False), round=4, cross_validation=True, predict=True, fit_kwargs={}, groups=None, refit=False, probability_threshold=None, experiment_custom_tags=None, verbose=False, system=False, add_to_model_list=True, metrics=None, display=<pycaret.internal.display.display.CommonDisplay object at 0x0000018E34290DF0>, model_only=True, return_train_score=False, kwargs={})
2023-12-14 11:03:33,203:INFO:Checking exceptions
2023-12-14 11:03:33,203:INFO:Importing libraries
2023-12-14 11:03:33,203:INFO:Copying training dataset
2023-12-14 11:03:33,211:INFO:Defining folds
2023-12-14 11:03:33,211:INFO:Declaring metric variables
2023-12-14 11:03:33,219:INFO:Importing untrained model
2023-12-14 11:03:33,227:INFO:Gradient Boosting Regressor Imported successfully
2023-12-14 11:03:33,244:INFO:Starting cross validation
2023-12-14 11:03:33,244:INFO:Cross validating with KFold(n_splits=10, random_state=None, shuffle=False), n_jobs=-1
2023-12-14 11:03:33,694:INFO:Calculating mean and std
2023-12-14 11:03:33,694:INFO:Creating metrics dataframe
2023-12-14 11:03:33,694:INFO:Uploading results into container
2023-12-14 11:03:33,694:INFO:Uploading model into container now
2023-12-14 11:03:33,694:INFO:_master_model_container: 16
2023-12-14 11:03:33,694:INFO:_display_container: 2
2023-12-14 11:03:33,694:INFO:GradientBoostingRegressor(random_state=4863)
2023-12-14 11:03:33,694:INFO:create_model() successfully completed......................................
2023-12-14 11:03:33,776:INFO:SubProcess create_model() end ==================================
2023-12-14 11:03:33,776:INFO:Creating metrics dataframe
2023-12-14 11:03:33,792:INFO:Initializing Extreme Gradient Boosting
2023-12-14 11:03:33,792:INFO:Total runtime is 0.2947460015614828 minutes
2023-12-14 11:03:33,800:INFO:SubProcess create_model() called ==================================
2023-12-14 11:03:33,800:INFO:Initializing create_model()
2023-12-14 11:03:33,800:INFO:create_model(self=<pycaret.regression.oop.RegressionExperiment object at 0x0000018E3472F460>, estimator=xgboost, fold=KFold(n_splits=10, random_state=None, shuffle=False), round=4, cross_validation=True, predict=True, fit_kwargs={}, groups=None, refit=False, probability_threshold=None, experiment_custom_tags=None, verbose=False, system=False, add_to_model_list=True, metrics=None, display=<pycaret.internal.display.display.CommonDisplay object at 0x0000018E34290DF0>, model_only=True, return_train_score=False, kwargs={})
2023-12-14 11:03:33,800:INFO:Checking exceptions
2023-12-14 11:03:33,800:INFO:Importing libraries
2023-12-14 11:03:33,800:INFO:Copying training dataset
2023-12-14 11:03:33,808:INFO:Defining folds
2023-12-14 11:03:33,808:INFO:Declaring metric variables
2023-12-14 11:03:33,816:INFO:Importing untrained model
2023-12-14 11:03:33,824:INFO:Extreme Gradient Boosting Imported successfully
2023-12-14 11:03:33,832:INFO:Starting cross validation
2023-12-14 11:03:33,840:INFO:Cross validating with KFold(n_splits=10, random_state=None, shuffle=False), n_jobs=-1
2023-12-14 11:03:34,278:INFO:Calculating mean and std
2023-12-14 11:03:34,278:INFO:Creating metrics dataframe
2023-12-14 11:03:34,278:INFO:Uploading results into container
2023-12-14 11:03:34,278:INFO:Uploading model into container now
2023-12-14 11:03:34,278:INFO:_master_model_container: 17
2023-12-14 11:03:34,278:INFO:_display_container: 2
2023-12-14 11:03:34,278:INFO:XGBRegressor(base_score=None, booster='gbtree', callbacks=None,
             colsample_bylevel=None, colsample_bynode=None,
             colsample_bytree=None, early_stopping_rounds=None,
             enable_categorical=False, eval_metric=None, feature_types=None,
             gamma=None, gpu_id=None, grow_policy=None, importance_type=None,
             interaction_constraints=None, learning_rate=None, max_bin=None,
             max_cat_threshold=None, max_cat_to_onehot=None,
             max_delta_step=None, max_depth=None, max_leaves=None,
             min_child_weight=None, missing=nan, monotone_constraints=None,
             n_estimators=100, n_jobs=-1, num_parallel_tree=None,
             predictor=None, random_state=4863, ...)
2023-12-14 11:03:34,278:INFO:create_model() successfully completed......................................
2023-12-14 11:03:34,367:INFO:SubProcess create_model() end ==================================
2023-12-14 11:03:34,367:INFO:Creating metrics dataframe
2023-12-14 11:03:34,384:INFO:Initializing Light Gradient Boosting Machine
2023-12-14 11:03:34,384:INFO:Total runtime is 0.30461122989654543 minutes
2023-12-14 11:03:34,384:INFO:SubProcess create_model() called ==================================
2023-12-14 11:03:34,384:INFO:Initializing create_model()
2023-12-14 11:03:34,384:INFO:create_model(self=<pycaret.regression.oop.RegressionExperiment object at 0x0000018E3472F460>, estimator=lightgbm, fold=KFold(n_splits=10, random_state=None, shuffle=False), round=4, cross_validation=True, predict=True, fit_kwargs={}, groups=None, refit=False, probability_threshold=None, experiment_custom_tags=None, verbose=False, system=False, add_to_model_list=True, metrics=None, display=<pycaret.internal.display.display.CommonDisplay object at 0x0000018E34290DF0>, model_only=True, return_train_score=False, kwargs={})
2023-12-14 11:03:34,384:INFO:Checking exceptions
2023-12-14 11:03:34,384:INFO:Importing libraries
2023-12-14 11:03:34,384:INFO:Copying training dataset
2023-12-14 11:03:34,392:INFO:Defining folds
2023-12-14 11:03:34,392:INFO:Declaring metric variables
2023-12-14 11:03:34,400:INFO:Importing untrained model
2023-12-14 11:03:34,400:INFO:Light Gradient Boosting Machine Imported successfully
2023-12-14 11:03:34,416:INFO:Starting cross validation
2023-12-14 11:03:34,416:INFO:Cross validating with KFold(n_splits=10, random_state=None, shuffle=False), n_jobs=-1
2023-12-14 11:03:35,030:INFO:Calculating mean and std
2023-12-14 11:03:35,030:INFO:Creating metrics dataframe
2023-12-14 11:03:35,038:INFO:Uploading results into container
2023-12-14 11:03:35,038:INFO:Uploading model into container now
2023-12-14 11:03:35,038:INFO:_master_model_container: 18
2023-12-14 11:03:35,038:INFO:_display_container: 2
2023-12-14 11:03:35,038:INFO:LGBMRegressor(n_jobs=-1, random_state=4863)
2023-12-14 11:03:35,046:INFO:create_model() successfully completed......................................
2023-12-14 11:03:35,159:INFO:SubProcess create_model() end ==================================
2023-12-14 11:03:35,159:INFO:Creating metrics dataframe
2023-12-14 11:03:35,174:INFO:Initializing CatBoost Regressor
2023-12-14 11:03:35,174:INFO:Total runtime is 0.31779141823450724 minutes
2023-12-14 11:03:35,174:INFO:SubProcess create_model() called ==================================
2023-12-14 11:03:35,174:INFO:Initializing create_model()
2023-12-14 11:03:35,182:INFO:create_model(self=<pycaret.regression.oop.RegressionExperiment object at 0x0000018E3472F460>, estimator=catboost, fold=KFold(n_splits=10, random_state=None, shuffle=False), round=4, cross_validation=True, predict=True, fit_kwargs={}, groups=None, refit=False, probability_threshold=None, experiment_custom_tags=None, verbose=False, system=False, add_to_model_list=True, metrics=None, display=<pycaret.internal.display.display.CommonDisplay object at 0x0000018E34290DF0>, model_only=True, return_train_score=False, kwargs={})
2023-12-14 11:03:35,182:INFO:Checking exceptions
2023-12-14 11:03:35,183:INFO:Importing libraries
2023-12-14 11:03:35,183:INFO:Copying training dataset
2023-12-14 11:03:35,183:INFO:Defining folds
2023-12-14 11:03:35,183:INFO:Declaring metric variables
2023-12-14 11:03:35,191:INFO:Importing untrained model
2023-12-14 11:03:35,199:INFO:CatBoost Regressor Imported successfully
2023-12-14 11:03:35,207:INFO:Starting cross validation
2023-12-14 11:03:35,215:INFO:Cross validating with KFold(n_splits=10, random_state=None, shuffle=False), n_jobs=-1
2023-12-14 11:03:38,613:WARNING:C:\ProgramData\Anaconda3\lib\site-packages\sklearn\model_selection\_validation.py:378: FitFailedWarning: 
7 fits failed out of a total of 10.
The score on these train-test partitions for these parameters will be set to 0.
If these failures are not expected, you can try to debug them by setting error_score='raise'.

Below are more details about the failures:
--------------------------------------------------------------------------------
7 fits failed with the following error:
Traceback (most recent call last):
  File "C:\ProgramData\Anaconda3\lib\site-packages\sklearn\model_selection\_validation.py", line 686, in _fit_and_score
    estimator.fit(X_train, y_train, **fit_params)
  File "C:\ProgramData\Anaconda3\lib\site-packages\pycaret\internal\pipeline.py", line 267, in fit
    fitted_estimator = self._memory_fit(
  File "C:\Users\Selman\AppData\Roaming\Python\Python39\site-packages\joblib\memory.py", line 353, in __call__
    return self.func(*args, **kwargs)
  File "C:\ProgramData\Anaconda3\lib\site-packages\pycaret\internal\pipeline.py", line 66, in _fit_one
    transformer.fit(*args, **fit_params)
  File "C:\Users\Selman\AppData\Roaming\Python\Python39\site-packages\catboost\core.py", line 5734, in fit
    return self._fit(X, y, cat_features, text_features, embedding_features, None, sample_weight, None, None, None, None, baseline,
  File "C:\Users\Selman\AppData\Roaming\Python\Python39\site-packages\catboost\core.py", line 2357, in _fit
    self._train(
  File "C:\Users\Selman\AppData\Roaming\Python\Python39\site-packages\catboost\core.py", line 1761, in _train
    self._object._train(train_pool, test_pool, params, allow_clear_pool, init_model._object if init_model else None)
  File "_catboost.pyx", line 4624, in _catboost._CatBoost._train
  File "_catboost.pyx", line 4673, in _catboost._CatBoost._train
_catboost.CatBoostError: C:/Go_Agent/pipelines/BuildMaster/catboost.git/catboost/libs/train_lib/dir_helper.cpp:20: Can't create train working dir: catboost_info

  warnings.warn(some_fits_failed_message, FitFailedWarning)

2023-12-14 11:03:38,613:INFO:Calculating mean and std
2023-12-14 11:03:38,613:INFO:Creating metrics dataframe
2023-12-14 11:03:38,613:INFO:Uploading results into container
2023-12-14 11:03:38,613:INFO:Uploading model into container now
2023-12-14 11:03:38,613:INFO:_master_model_container: 19
2023-12-14 11:03:38,613:INFO:_display_container: 2
2023-12-14 11:03:38,613:INFO:<catboost.core.CatBoostRegressor object at 0x0000018E35FB5A00>
2023-12-14 11:03:38,613:INFO:create_model() successfully completed......................................
2023-12-14 11:03:38,704:WARNING:create_model() for <catboost.core.CatBoostRegressor object at 0x0000018E35FB5A00> raised an exception or returned all 0.0, trying without fit_kwargs:
2023-12-14 11:03:38,712:WARNING:Traceback (most recent call last):
  File "C:\ProgramData\Anaconda3\lib\site-packages\pycaret\internal\pycaret_experiment\supervised_experiment.py", line 798, in compare_models
    assert (
AssertionError

2023-12-14 11:03:38,712:INFO:Initializing create_model()
2023-12-14 11:03:38,712:INFO:create_model(self=<pycaret.regression.oop.RegressionExperiment object at 0x0000018E3472F460>, estimator=catboost, fold=KFold(n_splits=10, random_state=None, shuffle=False), round=4, cross_validation=True, predict=True, fit_kwargs={}, groups=None, refit=False, probability_threshold=None, experiment_custom_tags=None, verbose=False, system=False, add_to_model_list=True, metrics=None, display=<pycaret.internal.display.display.CommonDisplay object at 0x0000018E34290DF0>, model_only=True, return_train_score=False, kwargs={})
2023-12-14 11:03:38,712:INFO:Checking exceptions
2023-12-14 11:03:38,712:INFO:Importing libraries
2023-12-14 11:03:38,712:INFO:Copying training dataset
2023-12-14 11:03:38,720:INFO:Defining folds
2023-12-14 11:03:38,720:INFO:Declaring metric variables
2023-12-14 11:03:38,724:INFO:Importing untrained model
2023-12-14 11:03:38,728:INFO:CatBoost Regressor Imported successfully
2023-12-14 11:03:38,744:INFO:Starting cross validation
2023-12-14 11:03:38,744:INFO:Cross validating with KFold(n_splits=10, random_state=None, shuffle=False), n_jobs=-1
2023-12-14 11:03:45,391:INFO:Calculating mean and std
2023-12-14 11:03:45,391:INFO:Creating metrics dataframe
2023-12-14 11:03:45,391:INFO:Uploading results into container
2023-12-14 11:03:45,391:INFO:Uploading model into container now
2023-12-14 11:03:45,391:INFO:_master_model_container: 20
2023-12-14 11:03:45,391:INFO:_display_container: 2
2023-12-14 11:03:45,391:INFO:<catboost.core.CatBoostRegressor object at 0x0000018E34290E20>
2023-12-14 11:03:45,391:INFO:create_model() successfully completed......................................
2023-12-14 11:03:45,502:INFO:SubProcess create_model() end ==================================
2023-12-14 11:03:45,502:INFO:Creating metrics dataframe
2023-12-14 11:03:45,517:INFO:Initializing Dummy Regressor
2023-12-14 11:03:45,517:INFO:Total runtime is 0.49017171462376913 minutes
2023-12-14 11:03:45,525:INFO:SubProcess create_model() called ==================================
2023-12-14 11:03:45,525:INFO:Initializing create_model()
2023-12-14 11:03:45,525:INFO:create_model(self=<pycaret.regression.oop.RegressionExperiment object at 0x0000018E3472F460>, estimator=dummy, fold=KFold(n_splits=10, random_state=None, shuffle=False), round=4, cross_validation=True, predict=True, fit_kwargs={}, groups=None, refit=False, probability_threshold=None, experiment_custom_tags=None, verbose=False, system=False, add_to_model_list=True, metrics=None, display=<pycaret.internal.display.display.CommonDisplay object at 0x0000018E34290DF0>, model_only=True, return_train_score=False, kwargs={})
2023-12-14 11:03:45,525:INFO:Checking exceptions
2023-12-14 11:03:45,525:INFO:Importing libraries
2023-12-14 11:03:45,525:INFO:Copying training dataset
2023-12-14 11:03:45,525:INFO:Defining folds
2023-12-14 11:03:45,525:INFO:Declaring metric variables
2023-12-14 11:03:45,533:INFO:Importing untrained model
2023-12-14 11:03:45,542:INFO:Dummy Regressor Imported successfully
2023-12-14 11:03:45,558:INFO:Starting cross validation
2023-12-14 11:03:45,558:INFO:Cross validating with KFold(n_splits=10, random_state=None, shuffle=False), n_jobs=-1
2023-12-14 11:03:45,782:INFO:Calculating mean and std
2023-12-14 11:03:45,784:INFO:Creating metrics dataframe
2023-12-14 11:03:45,790:INFO:Uploading results into container
2023-12-14 11:03:45,790:INFO:Uploading model into container now
2023-12-14 11:03:45,790:INFO:_master_model_container: 21
2023-12-14 11:03:45,790:INFO:_display_container: 2
2023-12-14 11:03:45,790:INFO:DummyRegressor()
2023-12-14 11:03:45,790:INFO:create_model() successfully completed......................................
2023-12-14 11:03:45,871:INFO:SubProcess create_model() end ==================================
2023-12-14 11:03:45,871:INFO:Creating metrics dataframe
2023-12-14 11:03:45,899:INFO:Initializing create_model()
2023-12-14 11:03:45,907:INFO:create_model(self=<pycaret.regression.oop.RegressionExperiment object at 0x0000018E3472F460>, estimator=LinearRegression(n_jobs=-1), fold=KFold(n_splits=10, random_state=None, shuffle=False), round=4, cross_validation=False, predict=False, fit_kwargs={}, groups=None, refit=True, probability_threshold=None, experiment_custom_tags=None, verbose=False, system=False, add_to_model_list=True, metrics=None, display=None, model_only=True, return_train_score=False, kwargs={})
2023-12-14 11:03:45,907:INFO:Checking exceptions
2023-12-14 11:03:45,907:INFO:Importing libraries
2023-12-14 11:03:45,907:INFO:Copying training dataset
2023-12-14 11:03:45,907:INFO:Defining folds
2023-12-14 11:03:45,907:INFO:Declaring metric variables
2023-12-14 11:03:45,915:INFO:Importing untrained model
2023-12-14 11:03:45,915:INFO:Declaring custom model
2023-12-14 11:03:45,915:INFO:Linear Regression Imported successfully
2023-12-14 11:03:45,915:INFO:Cross validation set to False
2023-12-14 11:03:45,915:INFO:Fitting Model
2023-12-14 11:03:45,964:INFO:LinearRegression(n_jobs=-1)
2023-12-14 11:03:45,964:INFO:create_model() successfully completed......................................
2023-12-14 11:03:46,093:INFO:_master_model_container: 21
2023-12-14 11:03:46,093:INFO:_display_container: 2
2023-12-14 11:03:46,093:INFO:LinearRegression(n_jobs=-1)
2023-12-14 11:03:46,093:INFO:compare_models() successfully completed......................................
2023-12-14 11:04:15,993:INFO:Initializing create_model()
2023-12-14 11:04:15,993:INFO:create_model(self=<pycaret.regression.oop.RegressionExperiment object at 0x0000018E3472F460>, estimator=br, fold=None, round=4, cross_validation=True, predict=True, fit_kwargs=None, groups=None, refit=True, probability_threshold=None, experiment_custom_tags=None, verbose=True, system=True, add_to_model_list=True, metrics=None, display=None, model_only=True, return_train_score=False, kwargs={})
2023-12-14 11:04:15,993:INFO:Checking exceptions
2023-12-14 11:04:16,041:INFO:Importing libraries
2023-12-14 11:04:16,041:INFO:Copying training dataset
2023-12-14 11:04:16,054:INFO:Defining folds
2023-12-14 11:04:16,054:INFO:Declaring metric variables
2023-12-14 11:04:16,057:INFO:Importing untrained model
2023-12-14 11:04:16,074:INFO:Bayesian Ridge Imported successfully
2023-12-14 11:04:16,082:INFO:Starting cross validation
2023-12-14 11:04:16,090:INFO:Cross validating with KFold(n_splits=10, random_state=None, shuffle=False), n_jobs=-1
2023-12-14 11:04:16,328:INFO:Calculating mean and std
2023-12-14 11:04:16,328:INFO:Creating metrics dataframe
2023-12-14 11:04:16,328:INFO:Finalizing model
2023-12-14 11:04:16,383:INFO:Uploading results into container
2023-12-14 11:04:16,383:INFO:Uploading model into container now
2023-12-14 11:04:16,407:INFO:_master_model_container: 22
2023-12-14 11:04:16,407:INFO:_display_container: 3
2023-12-14 11:04:16,407:INFO:BayesianRidge()
2023-12-14 11:04:16,407:INFO:create_model() successfully completed......................................
